---------------------------------------------------------------
[ 2022-11-12T11:51:03+08:00 ] 222.247.205.130 GET 500.zjszjs.com/
[ error ] [0]类的属性不存在:addons\cms\model\Block->indexpb
---------------------------------------------------------------
[ 2022-11-12T13:23:02+08:00 ] 222.247.205.130 GET 500.zjszjs.com/
[ error ] [8]未定义数组下标: 0
---------------------------------------------------------------
[ 2022-11-12T13:23:24+08:00 ] 222.247.205.130 GET 500.zjszjs.com/
[ error ] [8]未定义数组下标: 0
---------------------------------------------------------------
[ 2022-11-12T13:23:45+08:00 ] 222.247.205.130 GET 500.zjszjs.com/
[ error ] [8]未定义数组下标: 0
---------------------------------------------------------------
[ 2022-11-12T13:24:04+08:00 ] 222.247.205.130 GET 500.zjszjs.com/
[ error ] [8]未定义数组下标: 0
---------------------------------------------------------------
[ 2022-11-12T13:24:08+08:00 ] 222.247.205.130 GET 500.zjszjs.com/
[ error ] [8]未定义数组下标: 0
---------------------------------------------------------------
[ 2022-11-12T13:24:32+08:00 ] 222.247.205.130 GET 500.zjszjs.com/
[运行时间：0.092190s] [吞吐率：10.85req/s] [内存消耗：4,589.24kb] [文件加载：152]
[ info ] [ BEHAVIOR ] Run Closure @app_init [ RunTime:0.000018s ]
[ info ] [ CACHE ] INIT File
[ info ] [ BEHAVIOR ] Run \addons\cms\Cms @app_init [ RunTime:0.002389s ]
[ info ] [ BEHAVIOR ] Run Closure @app_init [ RunTime:0.002406s ]
[ info ] [ LANG ] /www/wwwroot/500.zjszjs.com/thinkphp/lang/zh-cn.php
[ info ] [ BEHAVIOR ] Run app\common\behavior\Common @app_dispatch [ RunTime:0.000215s ]
[ info ] [ ROUTE ] array (
  'type' => 'method',
  'method' => 
  array (
    0 => '\\think\\addons\\Route',
    1 => 'execute',
  ),
  'var' => 
  array (
    'addon' => 'cms',
    'controller' => 'index',
    'action' => 'index',
  ),
)
[ info ] [ HEADER ] array (
  'cookie' => 'PHPSESSID=bv18ff6hnvapu7ddsmom6gl933; think_var=zh-cn; Hm_lvt_26a479259908d7c39183bd97a6b498bf=1668226497; Hm_lpvt_26a479259908d7c39183bd97a6b498bf=1668226497; _ga=GA1.2.681381591.1668226498; _gid=GA1.2.1471006201.1668226498',
  'accept-language' => 'zh-CN,zh;q=0.9,en;q=0.8',
  'accept-encoding' => 'gzip, deflate, br',
  'sec-fetch-dest' => 'document',
  'sec-fetch-user' => '?1',
  'sec-fetch-mode' => 'navigate',
  'sec-fetch-site' => 'none',
  'accept' => 'text/html,application/xhtml+xml,application/xml;q=0.9,image/avif,image/webp,image/apng,*/*;q=0.8,application/signed-exchange;v=b3;q=0.9',
  'user-agent' => 'Mozilla/5.0 (Windows NT 6.1; WOW64) AppleWebKit/537.36 (KHTML, like Gecko) Chrome/86.0.4240.198 Safari/537.36',
  'upgrade-insecure-requests' => '1',
  'cache-control' => 'max-age=0',
  'host' => '500.zjszjs.com',
  'content-type' => '',
  'content-length' => '',
)
[ info ] [ PARAM ] array (
)
[ info ] [ RUN ] think\addons\Route->execute[ /www/wwwroot/500.zjszjs.com/vendor/karsonzhang/fastadmin-addons/src/addons/Route.php ]
[ info ] [ LANG ] /www/wwwroot/500.zjszjs.com/public/../application/common/lang/zh-cn/addon.php
[ info ] [ BEHAVIOR ] Run app\common\behavior\Common @addon_begin [ RunTime:0.001258s ]
[ info ] [ LANG ] /www/wwwroot/500.zjszjs.com/addons/cms/lang/zh-cn.php
[ info ] [ VIEW ] /www/wwwroot/500.zjszjs.com/addons/cms/view/default1/index.html [ array (
  0 => 'config',
  1 => 'user',
  2 => 'site',
  3 => '__CHANNEL__',
) ]
[ info ] [ DB ] INIT mysql
[ info ] [ LOG ] INIT File
[ error ] [8]未定义数组下标: 0[/www/wwwroot/500.zjszjs.com/runtime/temp/3e14fbbd82482071e09a361473439b07.php:366]
